<?xml version="1.0" encoding="UTF-8"?>
<coverage generated="1696132465924" clover="3.2.0">
  <project timestamp="1696132465925" name="All files">
    <metrics statements="49" coveredstatements="40" conditionals="16" coveredconditionals="7" methods="19" coveredmethods="10" elements="84" coveredelements="57" complexity="0" loc="49" ncloc="49" packages="4" files="7" classes="7"/>
    <package name="components">
      <metrics statements="16" coveredstatements="13" conditionals="10" coveredconditionals="4" methods="6" coveredmethods="4"/>
      <file name="Header.js" path="C:\Users\vishw\OneDrive\Desktop\Nameste-react WOROKSPACE\src\components\Header.js">
        <metrics statements="16" coveredstatements="13" conditionals="10" coveredconditionals="4" methods="6" coveredmethods="4"/>
        <line num="11" count="1" type="stmt"/>
        <line num="12" count="1" type="stmt"/>
        <line num="25" count="1" type="stmt"/>
        <line num="26" count="1" type="stmt"/>
        <line num="29" count="1" type="stmt"/>
        <line num="32" count="1" type="stmt"/>
        <line num="34" count="1" type="stmt"/>
        <line num="36" count="1" type="cond" truecount="1" falsecount="1"/>
        <line num="37" count="1" type="stmt"/>
        <line num="42" count="1" type="stmt"/>
        <line num="44" count="2" type="stmt"/>
        <line num="46" count="1" type="stmt"/>
        <line num="48" count="1" type="stmt"/>
        <line num="76" count="0" type="stmt"/>
        <line num="77" count="0" type="stmt"/>
        <line num="83" count="0" type="stmt"/>
      </file>
    </package>
    <package name="hooks">
      <metrics statements="27" coveredstatements="24" conditionals="6" coveredconditionals="3" methods="10" coveredmethods="6"/>
      <file name="useAuth.js" path="C:\Users\vishw\OneDrive\Desktop\Nameste-react WOROKSPACE\src\hooks\useAuth.js">
        <metrics statements="4" coveredstatements="4" conditionals="2" coveredconditionals="1" methods="1" coveredmethods="1"/>
        <line num="4" count="1" type="stmt"/>
        <line num="6" count="1" type="stmt"/>
        <line num="9" count="1" type="cond" truecount="1" falsecount="1"/>
        <line num="11" count="1" type="stmt"/>
      </file>
      <file name="useLocalStorage.js" path="C:\Users\vishw\OneDrive\Desktop\Nameste-react WOROKSPACE\src\hooks\useLocalStorage.js">
        <metrics statements="12" coveredstatements="9" conditionals="4" coveredconditionals="2" methods="4" coveredmethods="2"/>
        <line num="3" count="1" type="stmt"/>
        <line num="5" count="2" type="stmt"/>
        <line num="8" count="2" type="cond" truecount="1" falsecount="1"/>
        <line num="10" count="2" type="stmt"/>
        <line num="11" count="2" type="cond" truecount="1" falsecount="1"/>
        <line num="12" count="0" type="stmt"/>
        <line num="14" count="2" type="stmt"/>
        <line num="19" count="2" type="stmt"/>
        <line num="20" count="0" type="stmt"/>
        <line num="24" count="2" type="stmt"/>
        <line num="25" count="0" type="stmt"/>
        <line num="27" count="2" type="stmt"/>
      </file>
      <file name="useOnline.js" path="C:\Users\vishw\OneDrive\Desktop\Nameste-react WOROKSPACE\src\hooks\useOnline.js">
        <metrics statements="11" coveredstatements="11" conditionals="0" coveredconditionals="0" methods="5" coveredmethods="3"/>
        <line num="3" count="1" type="stmt"/>
        <line num="4" count="1" type="stmt"/>
        <line num="6" count="1" type="stmt"/>
        <line num="7" count="1" type="stmt"/>
        <line num="8" count="1" type="stmt"/>
        <line num="10" count="1" type="stmt"/>
        <line num="11" count="1" type="stmt"/>
        <line num="13" count="1" type="stmt"/>
        <line num="14" count="1" type="stmt"/>
        <line num="15" count="1" type="stmt"/>
        <line num="19" count="1" type="stmt"/>
      </file>
    </package>
    <package name="mocks">
      <metrics statements="0" coveredstatements="0" conditionals="0" coveredconditionals="0" methods="0" coveredmethods="0"/>
      <file name="dummyLogo.js" path="C:\Users\vishw\OneDrive\Desktop\Nameste-react WOROKSPACE\src\mocks\dummyLogo.js">
        <metrics statements="0" coveredstatements="0" conditionals="0" coveredconditionals="0" methods="0" coveredmethods="0"/>
      </file>
    </package>
    <package name="utils">
      <metrics statements="6" coveredstatements="3" conditionals="0" coveredconditionals="0" methods="3" coveredmethods="0"/>
      <file name="cartSlice.js" path="C:\Users\vishw\OneDrive\Desktop\Nameste-react WOROKSPACE\src\utils\cartSlice.js">
        <metrics statements="5" coveredstatements="2" conditionals="0" coveredconditionals="0" methods="3" coveredmethods="0"/>
        <line num="3" count="1" type="stmt"/>
        <line num="10" count="0" type="stmt"/>
        <line num="13" count="0" type="stmt"/>
        <line num="16" count="0" type="stmt"/>
        <line num="21" count="1" type="stmt"/>
      </file>
      <file name="store.js" path="C:\Users\vishw\OneDrive\Desktop\Nameste-react WOROKSPACE\src\utils\store.js">
        <metrics statements="1" coveredstatements="1" conditionals="0" coveredconditionals="0" methods="0" coveredmethods="0"/>
        <line num="4" count="1" type="stmt"/>
      </file>
    </package>
  </project>
</coverage>
