{"C:\\Users\\vishw\\OneDrive\\Desktop\\Nameste-react WOROKSPACE\\src\\components\\Header.js": {"path":"C:\\Users\\vishw\\OneDrive\\Desktop\\Nameste-react WOROKSPACE\\src\\components\\Header.js","statementMap":{"0":{"start":{"line":11,"column":14},"end":{"line":22,"column":1}},"1":{"start":{"line":12,"column":2},"end":{"line":21,"column":9}},"2":{"start":{"line":25,"column":15},"end":{"line":92,"column":1}},"3":{"start":{"line":26,"column":19},"end":{"line":26,"column":32}},"4":{"start":{"line":29,"column":49},"end":{"line":29,"column":72}},"5":{"start":{"line":32,"column":38},"end":{"line":32,"column":47}},"6":{"start":{"line":34,"column":2},"end":{"line":39,"column":23}},"7":{"start":{"line":36,"column":4},"end":{"line":38,"column":5}},"8":{"start":{"line":37,"column":6},"end":{"line":37,"column":27}},"9":{"start":{"line":42,"column":19},"end":{"line":42,"column":30}},"10":{"start":{"line":44,"column":20},"end":{"line":44,"column":58}},"11":{"start":{"line":44,"column":41},"end":{"line":44,"column":57}},"12":{"start":{"line":46,"column":2},"end":{"line":46,"column":25}},"13":{"start":{"line":48,"column":2},"end":{"line":91,"column":4}},"14":{"start":{"line":76,"column":18},"end":{"line":76,"column":37}},"15":{"start":{"line":77,"column":18},"end":{"line":77,"column":39}},"16":{"start":{"line":83,"column":59},"end":{"line":83,"column":77}}},"fnMap":{"0":{"name":"(anonymous_0)","decl":{"start":{"line":11,"column":14},"end":{"line":11,"column":15}},"loc":{"start":{"line":12,"column":2},"end":{"line":21,"column":9}},"line":12},"1":{"name":"(anonymous_1)","decl":{"start":{"line":25,"column":15},"end":{"line":25,"column":16}},"loc":{"start":{"line":25,"column":21},"end":{"line":92,"column":1}},"line":25},"2":{"name":"(anonymous_2)","decl":{"start":{"line":34,"column":12},"end":{"line":34,"column":13}},"loc":{"start":{"line":34,"column":18},"end":{"line":39,"column":3}},"line":34},"3":{"name":"(anonymous_3)","decl":{"start":{"line":44,"column":32},"end":{"line":44,"column":33}},"loc":{"start":{"line":44,"column":41},"end":{"line":44,"column":57}},"line":44},"4":{"name":"(anonymous_4)","decl":{"start":{"line":75,"column":25},"end":{"line":75,"column":26}},"loc":{"start":{"line":75,"column":31},"end":{"line":78,"column":17}},"line":75},"5":{"name":"(anonymous_5)","decl":{"start":{"line":83,"column":53},"end":{"line":83,"column":54}},"loc":{"start":{"line":83,"column":59},"end":{"line":83,"column":77}},"line":83}},"branchMap":{"0":{"loc":{"start":{"line":36,"column":4},"end":{"line":38,"column":5}},"type":"if","locations":[{"start":{"line":36,"column":4},"end":{"line":38,"column":5}},{"start":{},"end":{}}],"line":36},"1":{"loc":{"start":{"line":53,"column":7},"end":{"line":53,"column":94}},"type":"binary-expr","locations":[{"start":{"line":53,"column":7},"end":{"line":53,"column":17}},{"start":{"line":53,"column":21},"end":{"line":53,"column":94}}],"line":53},"2":{"loc":{"start":{"line":72,"column":13},"end":{"line":86,"column":13}},"type":"cond-expr","locations":[{"start":{"line":73,"column":14},"end":{"line":81,"column":23}},{"start":{"line":83,"column":14},"end":{"line":85,"column":23}}],"line":72},"3":{"loc":{"start":{"line":80,"column":39},"end":{"line":80,"column":85}},"type":"cond-expr","locations":[{"start":{"line":80,"column":50},"end":{"line":80,"column":67}},{"start":{"line":80,"column":70},"end":{"line":80,"column":85}}],"line":80},"4":{"loc":{"start":{"line":84,"column":38},"end":{"line":84,"column":84}},"type":"cond-expr","locations":[{"start":{"line":84,"column":49},"end":{"line":84,"column":66}},{"start":{"line":84,"column":69},"end":{"line":84,"column":84}}],"line":84}},"s":{"0":1,"1":1,"2":1,"3":1,"4":1,"5":1,"6":1,"7":1,"8":1,"9":1,"10":1,"11":2,"12":1,"13":1,"14":0,"15":0,"16":0},"f":{"0":1,"1":1,"2":1,"3":2,"4":0,"5":0},"b":{"0":[1,0],"1":[1,0],"2":[0,1],"3":[0,0],"4":[1,0]},"_coverageSchema":"1a1c01bbd47fc00a2c39e90264f33305004495a9","hash":"d021de761eb94ce200eef809614ede5aaf1e21d0"}
,"C:\\Users\\vishw\\OneDrive\\Desktop\\Nameste-react WOROKSPACE\\src\\hooks\\useAuth.js": {"path":"C:\\Users\\vishw\\OneDrive\\Desktop\\Nameste-react WOROKSPACE\\src\\hooks\\useAuth.js","statementMap":{"0":{"start":{"line":4,"column":16},"end":{"line":12,"column":1}},"1":{"start":{"line":6,"column":30},"end":{"line":6,"column":53}},"2":{"start":{"line":9,"column":40},"end":{"line":9,"column":103}},"3":{"start":{"line":11,"column":4},"end":{"line":11,"column":39}}},"fnMap":{"0":{"name":"(anonymous_0)","decl":{"start":{"line":4,"column":16},"end":{"line":4,"column":17}},"loc":{"start":{"line":4,"column":22},"end":{"line":12,"column":1}},"line":4}},"branchMap":{"0":{"loc":{"start":{"line":9,"column":49},"end":{"line":9,"column":102}},"type":"cond-expr","locations":[{"start":{"line":9,"column":90},"end":{"line":9,"column":94}},{"start":{"line":9,"column":97},"end":{"line":9,"column":102}}],"line":9}},"s":{"0":1,"1":1,"2":1,"3":1},"f":{"0":1},"b":{"0":[0,1]},"_coverageSchema":"1a1c01bbd47fc00a2c39e90264f33305004495a9","hash":"fb253aeefa6bbd248269a5d01074af5afec884df"}
,"C:\\Users\\vishw\\OneDrive\\Desktop\\Nameste-react WOROKSPACE\\src\\hooks\\useLocalStorage.js": {"path":"C:\\Users\\vishw\\OneDrive\\Desktop\\Nameste-react WOROKSPACE\\src\\hooks\\useLocalStorage.js","statementMap":{"0":{"start":{"line":3,"column":24},"end":{"line":28,"column":1}},"1":{"start":{"line":5,"column":30},"end":{"line":5,"column":55}},"2":{"start":{"line":8,"column":52},"end":{"line":8,"column":118}},"3":{"start":{"line":10,"column":4},"end":{"line":16,"column":27}},"4":{"start":{"line":11,"column":8},"end":{"line":15,"column":9}},"5":{"start":{"line":12,"column":12},"end":{"line":12,"column":64}},"6":{"start":{"line":14,"column":12},"end":{"line":14,"column":38}},"7":{"start":{"line":19,"column":28},"end":{"line":21,"column":5}},"8":{"start":{"line":20,"column":8},"end":{"line":20,"column":56}},"9":{"start":{"line":24,"column":30},"end":{"line":26,"column":5}},"10":{"start":{"line":25,"column":8},"end":{"line":25,"column":29}},"11":{"start":{"line":27,"column":4},"end":{"line":27,"column":65}}},"fnMap":{"0":{"name":"(anonymous_0)","decl":{"start":{"line":3,"column":24},"end":{"line":3,"column":25}},"loc":{"start":{"line":3,"column":33},"end":{"line":28,"column":1}},"line":3},"1":{"name":"(anonymous_1)","decl":{"start":{"line":10,"column":14},"end":{"line":10,"column":15}},"loc":{"start":{"line":10,"column":20},"end":{"line":16,"column":5}},"line":10},"2":{"name":"(anonymous_2)","decl":{"start":{"line":19,"column":28},"end":{"line":19,"column":29}},"loc":{"start":{"line":19,"column":39},"end":{"line":21,"column":5}},"line":19},"3":{"name":"(anonymous_3)","decl":{"start":{"line":24,"column":30},"end":{"line":24,"column":31}},"loc":{"start":{"line":24,"column":36},"end":{"line":26,"column":5}},"line":24}},"branchMap":{"0":{"loc":{"start":{"line":8,"column":61},"end":{"line":8,"column":117}},"type":"cond-expr","locations":[{"start":{"line":8,"column":81},"end":{"line":8,"column":110}},{"start":{"line":8,"column":113},"end":{"line":8,"column":117}}],"line":8},"1":{"loc":{"start":{"line":11,"column":8},"end":{"line":15,"column":9}},"type":"if","locations":[{"start":{"line":11,"column":8},"end":{"line":15,"column":9}},{"start":{"line":13,"column":15},"end":{"line":15,"column":9}}],"line":11}},"s":{"0":1,"1":2,"2":2,"3":2,"4":2,"5":0,"6":2,"7":2,"8":0,"9":2,"10":0,"11":2},"f":{"0":2,"1":2,"2":0,"3":0},"b":{"0":[0,2],"1":[0,2]},"_coverageSchema":"1a1c01bbd47fc00a2c39e90264f33305004495a9","hash":"b1f02cfdd7027a465077cf7bca2bb83fff56bbc6"}
,"C:\\Users\\vishw\\OneDrive\\Desktop\\Nameste-react WOROKSPACE\\src\\hooks\\useOnline.js": {"path":"C:\\Users\\vishw\\OneDrive\\Desktop\\Nameste-react WOROKSPACE\\src\\hooks\\useOnline.js","statementMap":{"0":{"start":{"line":3,"column":18},"end":{"line":20,"column":1}},"1":{"start":{"line":4,"column":34},"end":{"line":4,"column":48}},"2":{"start":{"line":6,"column":2},"end":{"line":17,"column":9}},"3":{"start":{"line":7,"column":23},"end":{"line":7,"column":46}},"4":{"start":{"line":7,"column":29},"end":{"line":7,"column":46}},"5":{"start":{"line":8,"column":24},"end":{"line":8,"column":48}},"6":{"start":{"line":8,"column":30},"end":{"line":8,"column":48}},"7":{"start":{"line":10,"column":4},"end":{"line":10,"column":50}},"8":{"start":{"line":11,"column":4},"end":{"line":11,"column":52}},"9":{"start":{"line":13,"column":4},"end":{"line":16,"column":6}},"10":{"start":{"line":14,"column":6},"end":{"line":14,"column":55}},"11":{"start":{"line":15,"column":6},"end":{"line":15,"column":57}},"12":{"start":{"line":19,"column":2},"end":{"line":19,"column":18}}},"fnMap":{"0":{"name":"(anonymous_0)","decl":{"start":{"line":3,"column":18},"end":{"line":3,"column":19}},"loc":{"start":{"line":3,"column":24},"end":{"line":20,"column":1}},"line":3},"1":{"name":"(anonymous_1)","decl":{"start":{"line":6,"column":12},"end":{"line":6,"column":13}},"loc":{"start":{"line":6,"column":18},"end":{"line":17,"column":3}},"line":6},"2":{"name":"(anonymous_2)","decl":{"start":{"line":7,"column":23},"end":{"line":7,"column":24}},"loc":{"start":{"line":7,"column":29},"end":{"line":7,"column":46}},"line":7},"3":{"name":"(anonymous_3)","decl":{"start":{"line":8,"column":24},"end":{"line":8,"column":25}},"loc":{"start":{"line":8,"column":30},"end":{"line":8,"column":48}},"line":8},"4":{"name":"(anonymous_4)","decl":{"start":{"line":13,"column":11},"end":{"line":13,"column":12}},"loc":{"start":{"line":13,"column":17},"end":{"line":16,"column":5}},"line":13}},"branchMap":{},"s":{"0":1,"1":1,"2":1,"3":1,"4":0,"5":1,"6":0,"7":1,"8":1,"9":1,"10":1,"11":1,"12":1},"f":{"0":1,"1":1,"2":0,"3":0,"4":1},"b":{},"_coverageSchema":"1a1c01bbd47fc00a2c39e90264f33305004495a9","hash":"81f07811ce44b5fe5cca5201744bc56d09b9d71a"}
,"C:\\Users\\vishw\\OneDrive\\Desktop\\Nameste-react WOROKSPACE\\src\\mocks\\dummyLogo.js": {"path":"C:\\Users\\vishw\\OneDrive\\Desktop\\Nameste-react WOROKSPACE\\src\\mocks\\dummyLogo.js","statementMap":{},"fnMap":{},"branchMap":{},"s":{},"f":{},"b":{},"_coverageSchema":"1a1c01bbd47fc00a2c39e90264f33305004495a9","hash":"aeb72349a57bf4fa7341e98b84e987c8e5d90d63"}
,"C:\\Users\\vishw\\OneDrive\\Desktop\\Nameste-react WOROKSPACE\\src\\utils\\cartSlice.js": {"path":"C:\\Users\\vishw\\OneDrive\\Desktop\\Nameste-react WOROKSPACE\\src\\utils\\cartSlice.js","statementMap":{"0":{"start":{"line":3,"column":18},"end":{"line":19,"column":2}},"1":{"start":{"line":10,"column":12},"end":{"line":10,"column":45}},"2":{"start":{"line":13,"column":12},"end":{"line":13,"column":44}},"3":{"start":{"line":16,"column":12},"end":{"line":16,"column":28}},"4":{"start":{"line":21,"column":50},"end":{"line":21,"column":67}}},"fnMap":{"0":{"name":"(anonymous_0)","decl":{"start":{"line":9,"column":17},"end":{"line":9,"column":18}},"loc":{"start":{"line":9,"column":36},"end":{"line":11,"column":9}},"line":9},"1":{"name":"(anonymous_1)","decl":{"start":{"line":12,"column":20},"end":{"line":12,"column":21}},"loc":{"start":{"line":12,"column":39},"end":{"line":14,"column":9}},"line":12},"2":{"name":"(anonymous_2)","decl":{"start":{"line":15,"column":19},"end":{"line":15,"column":20}},"loc":{"start":{"line":15,"column":30},"end":{"line":17,"column":9}},"line":15}},"branchMap":{},"s":{"0":1,"1":0,"2":0,"3":0,"4":1},"f":{"0":0,"1":0,"2":0},"b":{},"_coverageSchema":"1a1c01bbd47fc00a2c39e90264f33305004495a9","hash":"4b2d468ce7f2d66c84b67244d6844a6b093b338d"}
,"C:\\Users\\vishw\\OneDrive\\Desktop\\Nameste-react WOROKSPACE\\src\\utils\\store.js": {"path":"C:\\Users\\vishw\\OneDrive\\Desktop\\Nameste-react WOROKSPACE\\src\\utils\\store.js","statementMap":{"0":{"start":{"line":4,"column":14},"end":{"line":8,"column":2}}},"fnMap":{},"branchMap":{},"s":{"0":1},"f":{},"b":{},"_coverageSchema":"1a1c01bbd47fc00a2c39e90264f33305004495a9","hash":"e211366eb7d5fc133ded3bf6b1f794ab8f30beaf"}
}
