TN:
SF:src\components\Header.js
FN:11,(anonymous_0)
FN:25,(anonymous_1)
FN:34,(anonymous_2)
FN:44,(anonymous_3)
FN:75,(anonymous_4)
FN:83,(anonymous_5)
FNF:6
FNH:4
FNDA:1,(anonymous_0)
FNDA:1,(anonymous_1)
FNDA:1,(anonymous_2)
FNDA:2,(anonymous_3)
FNDA:0,(anonymous_4)
FNDA:0,(anonymous_5)
DA:11,1
DA:12,1
DA:25,1
DA:26,1
DA:29,1
DA:32,1
DA:34,1
DA:36,1
DA:37,1
DA:42,1
DA:44,2
DA:46,1
DA:48,1
DA:76,0
DA:77,0
DA:83,0
LF:16
LH:13
BRDA:36,0,0,1
BRDA:36,0,1,0
BRDA:53,1,0,1
BRDA:53,1,1,0
BRDA:72,2,0,0
BRDA:72,2,1,1
BRDA:80,3,0,0
BRDA:80,3,1,0
BRDA:84,4,0,1
BRDA:84,4,1,0
BRF:10
BRH:4
end_of_record
TN:
SF:src\hooks\useAuth.js
FN:4,(anonymous_0)
FNF:1
FNH:1
FNDA:1,(anonymous_0)
DA:4,1
DA:6,1
DA:9,1
DA:11,1
LF:4
LH:4
BRDA:9,0,0,0
BRDA:9,0,1,1
BRF:2
BRH:1
end_of_record
TN:
SF:src\hooks\useLocalStorage.js
FN:3,(anonymous_0)
FN:10,(anonymous_1)
FN:19,(anonymous_2)
FN:24,(anonymous_3)
FNF:4
FNH:2
FNDA:2,(anonymous_0)
FNDA:2,(anonymous_1)
FNDA:0,(anonymous_2)
FNDA:0,(anonymous_3)
DA:3,1
DA:5,2
DA:8,2
DA:10,2
DA:11,2
DA:12,0
DA:14,2
DA:19,2
DA:20,0
DA:24,2
DA:25,0
DA:27,2
LF:12
LH:9
BRDA:8,0,0,0
BRDA:8,0,1,2
BRDA:11,1,0,0
BRDA:11,1,1,2
BRF:4
BRH:2
end_of_record
TN:
SF:src\hooks\useOnline.js
FN:3,(anonymous_0)
FN:6,(anonymous_1)
FN:7,(anonymous_2)
FN:8,(anonymous_3)
FN:13,(anonymous_4)
FNF:5
FNH:3
FNDA:1,(anonymous_0)
FNDA:1,(anonymous_1)
FNDA:0,(anonymous_2)
FNDA:0,(anonymous_3)
FNDA:1,(anonymous_4)
DA:3,1
DA:4,1
DA:6,1
DA:7,1
DA:8,1
DA:10,1
DA:11,1
DA:13,1
DA:14,1
DA:15,1
DA:19,1
LF:11
LH:11
BRF:0
BRH:0
end_of_record
TN:
SF:src\mocks\dummyLogo.js
FNF:0
FNH:0
LF:0
LH:0
BRF:0
BRH:0
end_of_record
TN:
SF:src\utils\cartSlice.js
FN:9,(anonymous_0)
FN:12,(anonymous_1)
FN:15,(anonymous_2)
FNF:3
FNH:0
FNDA:0,(anonymous_0)
FNDA:0,(anonymous_1)
FNDA:0,(anonymous_2)
DA:3,1
DA:10,0
DA:13,0
DA:16,0
DA:21,1
LF:5
LH:2
BRF:0
BRH:0
end_of_record
TN:
SF:src\utils\store.js
FNF:0
FNH:0
DA:4,1
LF:1
LH:1
BRF:0
BRH:0
end_of_record
